[2018-10-16 15:32:37] development.ERROR: Swift_TransportException: Failed to authenticate on SMTP server with username "connect@artcodelab.com" using 3 possible authenticators. Authenticator LOGIN returned Swift_TransportException: Expected response code 235 but got code "534", with message "534-5.7.14 <https://accounts.google.com/signin/continue?sarp=1&scc=1&plt=AKgnsbuX
534-5.7.14 YNz51cQAd4zTSctoXacXiDZfP3j9eo5xYRWAK9H4aC6znee2Ud0q2Uw2BS3xOUsiDNDmKY
534-5.7.14 3vc0x2-nl1aasnGGOKTQwosIkzlbvzGhsIG93uktk2aq4TFohhiZLWxS9A4NwfkB1luEr7
534-5.7.14 64IDvRvj0Q8p4mafGofL1XIfCCoA53ni_TVNg6ixEZH3Aty80NMYy7x1Xo-vdsncIr9cZ9
534-5.7.14 m4WQ1P6cumNFUsKt-TS9hMkNkaMI0eEfZGlmYsf6nzx-8xdYHC> Please log in via
534-5.7.14 your web browser and then try again.
534-5.7.14  Learn more at
534 5.7.14  https://support.google.com/mail/answer/78754 d131-v6sm5501921oih.4 - gsmtp
" in C:\laragon\www\landing\vendor\swiftmailer\swiftmailer\lib\classes\Swift\Transport\AbstractSmtpTransport.php:457
Stack trace:
#0 C:\laragon\www\landing\vendor\swiftmailer\swiftmailer\lib\classes\Swift\Transport\AbstractSmtpTransport.php(341): Swift_Transport_AbstractSmtpTransport->assertResponseCode('534-5.7.14 <htt...', Array)
#1 C:\laragon\www\landing\vendor\swiftmailer\swiftmailer\lib\classes\Swift\Transport\EsmtpTransport.php(305): Swift_Transport_AbstractSmtpTransport->executeCommand('QzBkM0xhYiAyMDE...', Array, Array, false, NULL)
#2 C:\laragon\www\landing\vendor\swiftmailer\swiftmailer\lib\classes\Swift\Transport\Esmtp\Auth\LoginAuthenticator.php(36): Swift_Transport_EsmtpTransport->executeCommand('QzBkM0xhYiAyMDE...', Array)
#3 C:\laragon\www\landing\vendor\swiftmailer\swiftmailer\lib\classes\Swift\Transport\Esmtp\AuthHandler.php(177): Swift_Transport_Esmtp_Auth_LoginAuthenticator->authenticate(Object(Swift_SmtpTransport), 'connect@artcode...', 'C0d3Lab 2018')
#4 C:\laragon\www\landing\vendor\swiftmailer\swiftmailer\lib\classes\Swift\Transport\EsmtpTransport.php(371): Swift_Transport_Esmtp_AuthHandler->afterEhlo(Object(Swift_SmtpTransport))
#5 C:\laragon\www\landing\vendor\swiftmailer\swiftmailer\lib\classes\Swift\Transport\AbstractSmtpTransport.php(148): Swift_Transport_EsmtpTransport->doHeloCommand()
#6 C:\laragon\www\landing\vendor\swiftmailer\swiftmailer\lib\classes\Swift\Mailer.php(65): Swift_Transport_AbstractSmtpTransport->start()
#7 C:\laragon\www\landing\vendor\laravel\framework\src\Illuminate\Mail\Mailer.php(451): Swift_Mailer->send(Object(Swift_Message), Array)
#8 C:\laragon\www\landing\vendor\october\rain\src\Mail\Mailer.php(113): Illuminate\Mail\Mailer->sendSwiftMessage(Object(Swift_Message))
#9 C:\laragon\www\landing\vendor\laravel\framework\src\Illuminate\Support\Facades\Facade.php(221): October\Rain\Mail\Mailer->send('artcodelab.func...', Array, Object(Closure))
#10 C:\laragon\www\landing\plugins\artcodelab\funcionalidades\components\Mail.php(32): Illuminate\Support\Facades\Facade::__callStatic('send', Array)
#11 C:\laragon\www\landing\modules\cms\classes\ComponentBase.php(187): Artcodelab\Funcionalidades\Components\Mail->onSend()
#12 C:\laragon\www\landing\modules\cms\classes\Controller.php(728): Cms\Classes\ComponentBase->runAjaxHandler('onSend')
#13 C:\laragon\www\landing\modules\cms\classes\Controller.php(618): Cms\Classes\Controller->runAjaxHandler('mail::onSend')
#14 C:\laragon\www\landing\modules\cms\classes\Controller.php(323): Cms\Classes\Controller->execAjaxHandlers()
#15 C:\laragon\www\landing\modules\cms\classes\Controller.php(206): Cms\Classes\Controller->runPage(Object(Cms\Classes\Page))
#16 C:\laragon\www\landing\modules\cms\classes\CmsController.php(50): Cms\Classes\Controller->run('/')
#17 [internal function]: Cms\Classes\CmsController->run('/')
#18 C:\laragon\www\landing\vendor\laravel\framework\src\Illuminate\Routing\Controller.php(54): call_user_func_array(Array, Array)
#19 C:\laragon\www\landing\vendor\laravel\framework\src\Illuminate\Routing\ControllerDispatcher.php(45): Illuminate\Routing\Controller->callAction('run', Array)
#20 C:\laragon\www\landing\vendor\laravel\framework\src\Illuminate\Routing\Route.php(212): Illuminate\Routing\ControllerDispatcher->dispatch(Object(Illuminate\Routing\Route), Object(Cms\Classes\CmsController), 'run')
#21 C:\laragon\www\landing\vendor\laravel\framework\src\Illuminate\Routing\Route.php(169): Illuminate\Routing\Route->runController()
#22 C:\laragon\www\landing\vendor\laravel\framework\src\Illuminate\Routing\Router.php(658): Illuminate\Routing\Route->run()
#23 C:\laragon\www\landing\vendor\laravel\framework\src\Illuminate\Routing\Pipeline.php(30): Illuminate\Routing\Router->Illuminate\Routing\{closure}(Object(Illuminate\Http\Request))
#24 C:\laragon\www\landing\plugins\rainlab\translate\classes\LocaleMiddleware.php(29): Illuminate\Routing\Pipeline->Illuminate\Routing\{closure}(Object(Illuminate\Http\Request))
#25 C:\laragon\www\landing\vendor\laravel\framework\src\Illuminate\Pipeline\Pipeline.php(149): RainLab\Translate\Classes\LocaleMiddleware->handle(Object(Illuminate\Http\Request), Object(Closure))
#26 C:\laragon\www\landing\vendor\laravel\framework\src\Illuminate\Routing\Pipeline.php(53): Illuminate\Pipeline\Pipeline->Illuminate\Pipeline\{closure}(Object(Illuminate\Http\Request))
#27 C:\laragon\www\landing\vendor\laravel\framework\src\Illuminate\Routing\Middleware\SubstituteBindings.php(41): Illuminate\Routing\Pipeline->Illuminate\Routing\{closure}(Object(Illuminate\Http\Request))
#28 C:\laragon\www\landing\vendor\laravel\framework\src\Illuminate\Pipeline\Pipeline.php(149): Illuminate\Routing\Middleware\SubstituteBindings->handle(Object(Illuminate\Http\Request), Object(Closure))
#29 C:\laragon\www\landing\vendor\laravel\framework\src\Illuminate\Routing\Pipeline.php(53): Illuminate\Pipeline\Pipeline->Illuminate\Pipeline\{closure}(Object(Illuminate\Http\Request))
#30 C:\laragon\www\landing\vendor\laravel\framework\src\Illuminate\View\Middleware\ShareErrorsFromSession.php(49): Illuminate\Routing\Pipeline->Illuminate\Routing\{closure}(Object(Illuminate\Http\Request))
#31 C:\laragon\www\landing\vendor\laravel\framework\src\Illuminate\Pipeline\Pipeline.php(149): Illuminate\View\Middleware\ShareErrorsFromSession->handle(Object(Illuminate\Http\Request), Object(Closure))
#32 C:\laragon\www\landing\vendor\laravel\framework\src\Illuminate\Routing\Pipeline.php(53): Illuminate\Pipeline\Pipeline->Illuminate\Pipeline\{closure}(Object(Illuminate\Http\Request))
#33 C:\laragon\www\landing\vendor\laravel\framework\src\Illuminate\Session\Middleware\StartSession.php(63): Illuminate\Routing\Pipeline->Illuminate\Routing\{closure}(Object(Illuminate\Http\Request))
#34 C:\laragon\www\landing\vendor\laravel\framework\src\Illuminate\Pipeline\Pipeline.php(149): Illuminate\Session\Middleware\StartSession->handle(Object(Illuminate\Http\Request), Object(Closure))
#35 C:\laragon\www\landing\vendor\laravel\framework\src\Illuminate\Routing\Pipeline.php(53): Illuminate\Pipeline\Pipeline->Illuminate\Pipeline\{closure}(Object(Illuminate\Http\Request))
#36 C:\laragon\www\landing\vendor\laravel\framework\src\Illuminate\Cookie\Middleware\AddQueuedCookiesToResponse.php(37): Illuminate\Routing\Pipeline->Illuminate\Routing\{closure}(Object(Illuminate\Http\Request))
#37 C:\laragon\www\landing\vendor\laravel\framework\src\Illuminate\Pipeline\Pipeline.php(149): Illuminate\Cookie\Middleware\AddQueuedCookiesToResponse->handle(Object(Illuminate\Http\Request), Object(Closure))
#38 C:\laragon\www\landing\vendor\laravel\framework\src\Illuminate\Routing\Pipeline.php(53): Illuminate\Pipeline\Pipeline->Illuminate\Pipeline\{closure}(Object(Illuminate\Http\Request))
#39 C:\laragon\www\landing\vendor\laravel\framework\src\Illuminate\Cookie\Middleware\EncryptCookies.php(66): Illuminate\Routing\Pipeline->Illuminate\Routing\{closure}(Object(Illuminate\Http\Request))
#40 C:\laragon\www\landing\vendor\laravel\framework\src\Illuminate\Pipeline\Pipeline.php(149): Illuminate\Cookie\Middleware\EncryptCookies->handle(Object(Illuminate\Http\Request), Object(Closure))
#41 C:\laragon\www\landing\vendor\laravel\framework\src\Illuminate\Routing\Pipeline.php(53): Illuminate\Pipeline\Pipeline->Illuminate\Pipeline\{closure}(Object(Illuminate\Http\Request))
#42 C:\laragon\www\landing\vendor\laravel\framework\src\Illuminate\Pipeline\Pipeline.php(102): Illuminate\Routing\Pipeline->Illuminate\Routing\{closure}(Object(Illuminate\Http\Request))
#43 C:\laragon\www\landing\vendor\laravel\framework\src\Illuminate\Routing\Router.php(660): Illuminate\Pipeline\Pipeline->then(Object(Closure))
#44 C:\laragon\www\landing\vendor\laravel\framework\src\Illuminate\Routing\Router.php(635): Illuminate\Routing\Router->runRouteWithinStack(Object(Illuminate\Routing\Route), Object(Illuminate\Http\Request))
#45 C:\laragon\www\landing\vendor\laravel\framework\src\Illuminate\Routing\Router.php(601): Illuminate\Routing\Router->runRoute(Object(Illuminate\Http\Request), Object(Illuminate\Routing\Route))
#46 C:\laragon\www\landing\vendor\october\rain\src\Router\CoreRouter.php(20): Illuminate\Routing\Router->dispatchToRoute(Object(Illuminate\Http\Request))
#47 C:\laragon\www\landing\vendor\laravel\framework\src\Illuminate\Foundation\Http\Kernel.php(176): October\Rain\Router\CoreRouter->dispatch(Object(Illuminate\Http\Request))
#48 C:\laragon\www\landing\vendor\laravel\framework\src\Illuminate\Routing\Pipeline.php(30): Illuminate\Foundation\Http\Kernel->Illuminate\Foundation\Http\{closure}(Object(Illuminate\Http\Request))
#49 C:\laragon\www\landing\vendor\laravel\framework\src\Illuminate\Foundation\Http\Middleware\CheckForMaintenanceMode.php(46): Illuminate\Routing\Pipeline->Illuminate\Routing\{closure}(Object(Illuminate\Http\Request))
#50 C:\laragon\www\landing\vendor\laravel\framework\src\Illuminate\Pipeline\Pipeline.php(149): Illuminate\Foundation\Http\Middleware\CheckForMaintenanceMode->handle(Object(Illuminate\Http\Request), Object(Closure))
#51 C:\laragon\www\landing\vendor\laravel\framework\src\Illuminate\Routing\Pipeline.php(53): Illuminate\Pipeline\Pipeline->Illuminate\Pipeline\{closure}(Object(Illuminate\Http\Request))
#52 C:\laragon\www\landing\vendor\laravel\framework\src\Illuminate\Pipeline\Pipeline.php(102): Illuminate\Routing\Pipeline->Illuminate\Routing\{closure}(Object(Illuminate\Http\Request))
#53 C:\laragon\www\landing\vendor\laravel\framework\src\Illuminate\Foundation\Http\Kernel.php(151): Illuminate\Pipeline\Pipeline->then(Object(Closure))
#54 C:\laragon\www\landing\vendor\laravel\framework\src\Illuminate\Foundation\Http\Kernel.php(116): Illuminate\Foundation\Http\Kernel->sendRequestThroughRouter(Object(Illuminate\Http\Request))
#55 C:\laragon\www\landing\index.php(43): Illuminate\Foundation\Http\Kernel->handle(Object(Illuminate\Http\Request))
#56 {main}. Authenticator PLAIN returned Swift_TransportException: Expected response code 235 but got code "534", with message "534-5.7.14 <https://accounts.google.com/signin/continue?sarp=1&scc=1&plt=AKgnsbvi
534-5.7.14 0rbKaKkJeadXP3eboEECP3C9iZBucPmZuZotJPAPvcr6-zgIyFlQISB2xF8_8Iyjok73WI
534-5.7.14 -yVQYmmYc7y9xXbn9yBJWjTqlLsGbvOLS-XW3TCSt4jpB3BNn4zT24h9-CPLeiaEmfYTMJ
534-5.7.14 O1DmbOiCu5dOgvao5nZCvLoeFBimTMcuoWDTtFMRE4UYxEHtLFy6kT8WEkvbDGL7mny2Oj
534-5.7.14 ppi7AOjJ_fZpql-IhJTjg7Ly5iRuhRiBFwAhBiKDpVlI_0lKja> Please log in via
534-5.7.14 your web browser and then try again.
534-5.7.14  Learn more at
534 5.7.14  https://support.google.com/mail/answer/78754 d131-v6sm5501921oih.4 - gsmtp
" in C:\laragon\www\landing\vendor\swiftmailer\swiftmailer\lib\classes\Swift\Transport\AbstractSmtpTransport.php:457
Stack trace:
#0 C:\laragon\www\landing\vendor\swiftmailer\swiftmailer\lib\classes\Swift\Transport\AbstractSmtpTransport.php(341): Swift_Transport_AbstractSmtpTransport->assertResponseCode('534-5.7.14 <htt...', Array)
#1 C:\laragon\www\landing\vendor\swiftmailer\swiftmailer\lib\classes\Swift\Transport\EsmtpTransport.php(305): Swift_Transport_AbstractSmtpTransport->executeCommand('AUTH PLAIN Y29u...', Array, Array, false, NULL)
#2 C:\laragon\www\landing\vendor\swiftmailer\swiftmailer\lib\classes\Swift\Transport\Esmtp\Auth\PlainAuthenticator.php(35): Swift_Transport_EsmtpTransport->executeCommand('AUTH PLAIN Y29u...', Array)
#3 C:\laragon\www\landing\vendor\swiftmailer\swiftmailer\lib\classes\Swift\Transport\Esmtp\AuthHandler.php(177): Swift_Transport_Esmtp_Auth_PlainAuthenticator->authenticate(Object(Swift_SmtpTransport), 'connect@artcode...', 'C0d3Lab 2018')
#4 C:\laragon\www\landing\vendor\swiftmailer\swiftmailer\lib\classes\Swift\Transport\EsmtpTransport.php(371): Swift_Transport_Esmtp_AuthHandler->afterEhlo(Object(Swift_SmtpTransport))
#5 C:\laragon\www\landing\vendor\swiftmailer\swiftmailer\lib\classes\Swift\Transport\AbstractSmtpTransport.php(148): Swift_Transport_EsmtpTransport->doHeloCommand()
#6 C:\laragon\www\landing\vendor\swiftmailer\swiftmailer\lib\classes\Swift\Mailer.php(65): Swift_Transport_AbstractSmtpTransport->start()
#7 C:\laragon\www\landing\vendor\laravel\framework\src\Illuminate\Mail\Mailer.php(451): Swift_Mailer->send(Object(Swift_Message), Array)
#8 C:\laragon\www\landing\vendor\october\rain\src\Mail\Mailer.php(113): Illuminate\Mail\Mailer->sendSwiftMessage(Object(Swift_Message))
#9 C:\laragon\www\landing\vendor\laravel\framework\src\Illuminate\Support\Facades\Facade.php(221): October\Rain\Mail\Mailer->send('artcodelab.func...', Array, Object(Closure))
#10 C:\laragon\www\landing\plugins\artcodelab\funcionalidades\components\Mail.php(32): Illuminate\Support\Facades\Facade::__callStatic('send', Array)
#11 C:\laragon\www\landing\modules\cms\classes\ComponentBase.php(187): Artcodelab\Funcionalidades\Components\Mail->onSend()
#12 C:\laragon\www\landing\modules\cms\classes\Controller.php(728): Cms\Classes\ComponentBase->runAjaxHandler('onSend')
#13 C:\laragon\www\landing\modules\cms\classes\Controller.php(618): Cms\Classes\Controller->runAjaxHandler('mail::onSend')
#14 C:\laragon\www\landing\modules\cms\classes\Controller.php(323): Cms\Classes\Controller->execAjaxHandlers()
#15 C:\laragon\www\landing\modules\cms\classes\Controller.php(206): Cms\Classes\Controller->runPage(Object(Cms\Classes\Page))
#16 C:\laragon\www\landing\modules\cms\classes\CmsController.php(50): Cms\Classes\Controller->run('/')
#17 [internal function]: Cms\Classes\CmsController->run('/')
#18 C:\laragon\www\landing\vendor\laravel\framework\src\Illuminate\Routing\Controller.php(54): call_user_func_array(Array, Array)
#19 C:\laragon\www\landing\vendor\laravel\framework\src\Illuminate\Routing\ControllerDispatcher.php(45): Illuminate\Routing\Controller->callAction('run', Array)
#20 C:\laragon\www\landing\vendor\laravel\framework\src\Illuminate\Routing\Route.php(212): Illuminate\Routing\ControllerDispatcher->dispatch(Object(Illuminate\Routing\Route), Object(Cms\Classes\CmsController), 'run')
#21 C:\laragon\www\landing\vendor\laravel\framework\src\Illuminate\Routing\Route.php(169): Illuminate\Routing\Route->runController()
#22 C:\laragon\www\landing\vendor\laravel\framework\src\Illuminate\Routing\Router.php(658): Illuminate\Routing\Route->run()
#23 C:\laragon\www\landing\vendor\laravel\framework\src\Illuminate\Routing\Pipeline.php(30): Illuminate\Routing\Router->Illuminate\Routing\{closure}(Object(Illuminate\Http\Request))
#24 C:\laragon\www\landing\plugins\rainlab\translate\classes\LocaleMiddleware.php(29): Illuminate\Routing\Pipeline->Illuminate\Routing\{closure}(Object(Illuminate\Http\Request))
#25 C:\laragon\www\landing\vendor\laravel\framework\src\Illuminate\Pipeline\Pipeline.php(149): RainLab\Translate\Classes\LocaleMiddleware->handle(Object(Illuminate\Http\Request), Object(Closure))
#26 C:\laragon\www\landing\vendor\laravel\framework\src\Illuminate\Routing\Pipeline.php(53): Illuminate\Pipeline\Pipeline->Illuminate\Pipeline\{closure}(Object(Illuminate\Http\Request))
#27 C:\laragon\www\landing\vendor\laravel\framework\src\Illuminate\Routing\Middleware\SubstituteBindings.php(41): Illuminate\Routing\Pipeline->Illuminate\Routing\{closure}(Object(Illuminate\Http\Request))
#28 C:\laragon\www\landing\vendor\laravel\framework\src\Illuminate\Pipeline\Pipeline.php(149): Illuminate\Routing\Middleware\SubstituteBindings->handle(Object(Illuminate\Http\Request), Object(Closure))
#29 C:\laragon\www\landing\vendor\laravel\framework\src\Illuminate\Routing\Pipeline.php(53): Illuminate\Pipeline\Pipeline->Illuminate\Pipeline\{closure}(Object(Illuminate\Http\Request))
#30 C:\laragon\www\landing\vendor\laravel\framework\src\Illuminate\View\Middleware\ShareErrorsFromSession.php(49): Illuminate\Routing\Pipeline->Illuminate\Routing\{closure}(Object(Illuminate\Http\Request))
#31 C:\laragon\www\landing\vendor\laravel\framework\src\Illuminate\Pipeline\Pipeline.php(149): Illuminate\View\Middleware\ShareErrorsFromSession->handle(Object(Illuminate\Http\Request), Object(Closure))
#32 C:\laragon\www\landing\vendor\laravel\framework\src\Illuminate\Routing\Pipeline.php(53): Illuminate\Pipeline\Pipeline->Illuminate\Pipeline\{closure}(Object(Illuminate\Http\Request))
#33 C:\laragon\www\landing\vendor\laravel\framework\src\Illuminate\Session\Middleware\StartSession.php(63): Illuminate\Routing\Pipeline->Illuminate\Routing\{closure}(Object(Illuminate\Http\Request))
#34 C:\laragon\www\landing\vendor\laravel\framework\src\Illuminate\Pipeline\Pipeline.php(149): Illuminate\Session\Middleware\StartSession->handle(Object(Illuminate\Http\Request), Object(Closure))
#35 C:\laragon\www\landing\vendor\laravel\framework\src\Illuminate\Routing\Pipeline.php(53): Illuminate\Pipeline\Pipeline->Illuminate\Pipeline\{closure}(Object(Illuminate\Http\Request))
#36 C:\laragon\www\landing\vendor\laravel\framework\src\Illuminate\Cookie\Middleware\AddQueuedCookiesToResponse.php(37): Illuminate\Routing\Pipeline->Illuminate\Routing\{closure}(Object(Illuminate\Http\Request))
#37 C:\laragon\www\landing\vendor\laravel\framework\src\Illuminate\Pipeline\Pipeline.php(149): Illuminate\Cookie\Middleware\AddQueuedCookiesToResponse->handle(Object(Illuminate\Http\Request), Object(Closure))
#38 C:\laragon\www\landing\vendor\laravel\framework\src\Illuminate\Routing\Pipeline.php(53): Illuminate\Pipeline\Pipeline->Illuminate\Pipeline\{closure}(Object(Illuminate\Http\Request))
#39 C:\laragon\www\landing\vendor\laravel\framework\src\Illuminate\Cookie\Middleware\EncryptCookies.php(66): Illuminate\Routing\Pipeline->Illuminate\Routing\{closure}(Object(Illuminate\Http\Request))
#40 C:\laragon\www\landing\vendor\laravel\framework\src\Illuminate\Pipeline\Pipeline.php(149): Illuminate\Cookie\Middleware\EncryptCookies->handle(Object(Illuminate\Http\Request), Object(Closure))
#41 C:\laragon\www\landing\vendor\laravel\framework\src\Illuminate\Routing\Pipeline.php(53): Illuminate\Pipeline\Pipeline->Illuminate\Pipeline\{closure}(Object(Illuminate\Http\Request))
#42 C:\laragon\www\landing\vendor\laravel\framework\src\Illuminate\Pipeline\Pipeline.php(102): Illuminate\Routing\Pipeline->Illuminate\Routing\{closure}(Object(Illuminate\Http\Request))
#43 C:\laragon\www\landing\vendor\laravel\framework\src\Illuminate\Routing\Router.php(660): Illuminate\Pipeline\Pipeline->then(Object(Closure))
#44 C:\laragon\www\landing\vendor\laravel\framework\src\Illuminate\Routing\Router.php(635): Illuminate\Routing\Router->runRouteWithinStack(Object(Illuminate\Routing\Route), Object(Illuminate\Http\Request))
#45 C:\laragon\www\landing\vendor\laravel\framework\src\Illuminate\Routing\Router.php(601): Illuminate\Routing\Router->runRoute(Object(Illuminate\Http\Request), Object(Illuminate\Routing\Route))
#46 C:\laragon\www\landing\vendor\october\rain\src\Router\CoreRouter.php(20): Illuminate\Routing\Router->dispatchToRoute(Object(Illuminate\Http\Request))
#47 C:\laragon\www\landing\vendor\laravel\framework\src\Illuminate\Foundation\Http\Kernel.php(176): October\Rain\Router\CoreRouter->dispatch(Object(Illuminate\Http\Request))
#48 C:\laragon\www\landing\vendor\laravel\framework\src\Illuminate\Routing\Pipeline.php(30): Illuminate\Foundation\Http\Kernel->Illuminate\Foundation\Http\{closure}(Object(Illuminate\Http\Request))
#49 C:\laragon\www\landing\vendor\laravel\framework\src\Illuminate\Foundation\Http\Middleware\CheckForMaintenanceMode.php(46): Illuminate\Routing\Pipeline->Illuminate\Routing\{closure}(Object(Illuminate\Http\Request))
#50 C:\laragon\www\landing\vendor\laravel\framework\src\Illuminate\Pipeline\Pipeline.php(149): Illuminate\Foundation\Http\Middleware\CheckForMaintenanceMode->handle(Object(Illuminate\Http\Request), Object(Closure))
#51 C:\laragon\www\landing\vendor\laravel\framework\src\Illuminate\Routing\Pipeline.php(53): Illuminate\Pipeline\Pipeline->Illuminate\Pipeline\{closure}(Object(Illuminate\Http\Request))
#52 C:\laragon\www\landing\vendor\laravel\framework\src\Illuminate\Pipeline\Pipeline.php(102): Illuminate\Routing\Pipeline->Illuminate\Routing\{closure}(Object(Illuminate\Http\Request))
#53 C:\laragon\www\landing\vendor\laravel\framework\src\Illuminate\Foundation\Http\Kernel.php(151): Illuminate\Pipeline\Pipeline->then(Object(Closure))
#54 C:\laragon\www\landing\vendor\laravel\framework\src\Illuminate\Foundation\Http\Kernel.php(116): Illuminate\Foundation\Http\Kernel->sendRequestThroughRouter(Object(Illuminate\Http\Request))
#55 C:\laragon\www\landing\index.php(43): Illuminate\Foundation\Http\Kernel->handle(Object(Illuminate\Http\Request))
#56 {main}. Authenticator XOAUTH2 returned Swift_TransportException: Expected response code 250 but got code "535", with message "535-5.7.8 Username and Password not accepted. Learn more at
535 5.7.8  https://support.google.com/mail/?p=BadCredentials d131-v6sm5501921oih.4 - gsmtp
" in C:\laragon\www\landing\vendor\swiftmailer\swiftmailer\lib\classes\Swift\Transport\AbstractSmtpTransport.php:457
Stack trace:
#0 C:\laragon\www\landing\vendor\swiftmailer\swiftmailer\lib\classes\Swift\Transport\AbstractSmtpTransport.php(341): Swift_Transport_AbstractSmtpTransport->assertResponseCode('535-5.7.8 Usern...', Array)
#1 C:\laragon\www\landing\vendor\swiftmailer\swiftmailer\lib\classes\Swift\Transport\EsmtpTransport.php(305): Swift_Transport_AbstractSmtpTransport->executeCommand('RSET\r\n', Array, Array, false, NULL)
#2 C:\laragon\www\landing\vendor\swiftmailer\swiftmailer\lib\classes\Swift\Transport\Esmtp\Auth\XOAuth2Authenticator.php(49): Swift_Transport_EsmtpTransport->executeCommand('RSET\r\n', Array)
#3 C:\laragon\www\landing\vendor\swiftmailer\swiftmailer\lib\classes\Swift\Transport\Esmtp\AuthHandler.php(177): Swift_Transport_Esmtp_Auth_XOAuth2Authenticator->authenticate(Object(Swift_SmtpTransport), 'connect@artcode...', 'C0d3Lab 2018')
#4 C:\laragon\www\landing\vendor\swiftmailer\swiftmailer\lib\classes\Swift\Transport\EsmtpTransport.php(371): Swift_Transport_Esmtp_AuthHandler->afterEhlo(Object(Swift_SmtpTransport))
#5 C:\laragon\www\landing\vendor\swiftmailer\swiftmailer\lib\classes\Swift\Transport\AbstractSmtpTransport.php(148): Swift_Transport_EsmtpTransport->doHeloCommand()
#6 C:\laragon\www\landing\vendor\swiftmailer\swiftmailer\lib\classes\Swift\Mailer.php(65): Swift_Transport_AbstractSmtpTransport->start()
#7 C:\laragon\www\landing\vendor\laravel\framework\src\Illuminate\Mail\Mailer.php(451): Swift_Mailer->send(Object(Swift_Message), Array)
#8 C:\laragon\www\landing\vendor\october\rain\src\Mail\Mailer.php(113): Illuminate\Mail\Mailer->sendSwiftMessage(Object(Swift_Message))
#9 C:\laragon\www\landing\vendor\laravel\framework\src\Illuminate\Support\Facades\Facade.php(221): October\Rain\Mail\Mailer->send('artcodelab.func...', Array, Object(Closure))
#10 C:\laragon\www\landing\plugins\artcodelab\funcionalidades\components\Mail.php(32): Illuminate\Support\Facades\Facade::__callStatic('send', Array)
#11 C:\laragon\www\landing\modules\cms\classes\ComponentBase.php(187): Artcodelab\Funcionalidades\Components\Mail->onSend()
#12 C:\laragon\www\landing\modules\cms\classes\Controller.php(728): Cms\Classes\ComponentBase->runAjaxHandler('onSend')
#13 C:\laragon\www\landing\modules\cms\classes\Controller.php(618): Cms\Classes\Controller->runAjaxHandler('mail::onSend')
#14 C:\laragon\www\landing\modules\cms\classes\Controller.php(323): Cms\Classes\Controller->execAjaxHandlers()
#15 C:\laragon\www\landing\modules\cms\classes\Controller.php(206): Cms\Classes\Controller->runPage(Object(Cms\Classes\Page))
#16 C:\laragon\www\landing\modules\cms\classes\CmsController.php(50): Cms\Classes\Controller->run('/')
#17 [internal function]: Cms\Classes\CmsController->run('/')
#18 C:\laragon\www\landing\vendor\laravel\framework\src\Illuminate\Routing\Controller.php(54): call_user_func_array(Array, Array)
#19 C:\laragon\www\landing\vendor\laravel\framework\src\Illuminate\Routing\ControllerDispatcher.php(45): Illuminate\Routing\Controller->callAction('run', Array)
#20 C:\laragon\www\landing\vendor\laravel\framework\src\Illuminate\Routing\Route.php(212): Illuminate\Routing\ControllerDispatcher->dispatch(Object(Illuminate\Routing\Route), Object(Cms\Classes\CmsController), 'run')
#21 C:\laragon\www\landing\vendor\laravel\framework\src\Illuminate\Routing\Route.php(169): Illuminate\Routing\Route->runController()
#22 C:\laragon\www\landing\vendor\laravel\framework\src\Illuminate\Routing\Router.php(658): Illuminate\Routing\Route->run()
#23 C:\laragon\www\landing\vendor\laravel\framework\src\Illuminate\Routing\Pipeline.php(30): Illuminate\Routing\Router->Illuminate\Routing\{closure}(Object(Illuminate\Http\Request))
#24 C:\laragon\www\landing\plugins\rainlab\translate\classes\LocaleMiddleware.php(29): Illuminate\Routing\Pipeline->Illuminate\Routing\{closure}(Object(Illuminate\Http\Request))
#25 C:\laragon\www\landing\vendor\laravel\framework\src\Illuminate\Pipeline\Pipeline.php(149): RainLab\Translate\Classes\LocaleMiddleware->handle(Object(Illuminate\Http\Request), Object(Closure))
#26 C:\laragon\www\landing\vendor\laravel\framework\src\Illuminate\Routing\Pipeline.php(53): Illuminate\Pipeline\Pipeline->Illuminate\Pipeline\{closure}(Object(Illuminate\Http\Request))
#27 C:\laragon\www\landing\vendor\laravel\framework\src\Illuminate\Routing\Middleware\SubstituteBindings.php(41): Illuminate\Routing\Pipeline->Illuminate\Routing\{closure}(Object(Illuminate\Http\Request))
#28 C:\laragon\www\landing\vendor\laravel\framework\src\Illuminate\Pipeline\Pipeline.php(149): Illuminate\Routing\Middleware\SubstituteBindings->handle(Object(Illuminate\Http\Request), Object(Closure))
#29 C:\laragon\www\landing\vendor\laravel\framework\src\Illuminate\Routing\Pipeline.php(53): Illuminate\Pipeline\Pipeline->Illuminate\Pipeline\{closure}(Object(Illuminate\Http\Request))
#30 C:\laragon\www\landing\vendor\laravel\framework\src\Illuminate\View\Middleware\ShareErrorsFromSession.php(49): Illuminate\Routing\Pipeline->Illuminate\Routing\{closure}(Object(Illuminate\Http\Request))
#31 C:\laragon\www\landing\vendor\laravel\framework\src\Illuminate\Pipeline\Pipeline.php(149): Illuminate\View\Middleware\ShareErrorsFromSession->handle(Object(Illuminate\Http\Request), Object(Closure))
#32 C:\laragon\www\landing\vendor\laravel\framework\src\Illuminate\Routing\Pipeline.php(53): Illuminate\Pipeline\Pipeline->Illuminate\Pipeline\{closure}(Object(Illuminate\Http\Request))
#33 C:\laragon\www\landing\vendor\laravel\framework\src\Illuminate\Session\Middleware\StartSession.php(63): Illuminate\Routing\Pipeline->Illuminate\Routing\{closure}(Object(Illuminate\Http\Request))
#34 C:\laragon\www\landing\vendor\laravel\framework\src\Illuminate\Pipeline\Pipeline.php(149): Illuminate\Session\Middleware\StartSession->handle(Object(Illuminate\Http\Request), Object(Closure))
#35 C:\laragon\www\landing\vendor\laravel\framework\src\Illuminate\Routing\Pipeline.php(53): Illuminate\Pipeline\Pipeline->Illuminate\Pipeline\{closure}(Object(Illuminate\Http\Request))
#36 C:\laragon\www\landing\vendor\laravel\framework\src\Illuminate\Cookie\Middleware\AddQueuedCookiesToResponse.php(37): Illuminate\Routing\Pipeline->Illuminate\Routing\{closure}(Object(Illuminate\Http\Request))
#37 C:\laragon\www\landing\vendor\laravel\framework\src\Illuminate\Pipeline\Pipeline.php(149): Illuminate\Cookie\Middleware\AddQueuedCookiesToResponse->handle(Object(Illuminate\Http\Request), Object(Closure))
#38 C:\laragon\www\landing\vendor\laravel\framework\src\Illuminate\Routing\Pipeline.php(53): Illuminate\Pipeline\Pipeline->Illuminate\Pipeline\{closure}(Object(Illuminate\Http\Request))
#39 C:\laragon\www\landing\vendor\laravel\framework\src\Illuminate\Cookie\Middleware\EncryptCookies.php(66): Illuminate\Routing\Pipeline->Illuminate\Routing\{closure}(Object(Illuminate\Http\Request))
#40 C:\laragon\www\landing\vendor\laravel\framework\src\Illuminate\Pipeline\Pipeline.php(149): Illuminate\Cookie\Middleware\EncryptCookies->handle(Object(Illuminate\Http\Request), Object(Closure))
#41 C:\laragon\www\landing\vendor\laravel\framework\src\Illuminate\Routing\Pipeline.php(53): Illuminate\Pipeline\Pipeline->Illuminate\Pipeline\{closure}(Object(Illuminate\Http\Request))
#42 C:\laragon\www\landing\vendor\laravel\framework\src\Illuminate\Pipeline\Pipeline.php(102): Illuminate\Routing\Pipeline->Illuminate\Routing\{closure}(Object(Illuminate\Http\Request))
#43 C:\laragon\www\landing\vendor\laravel\framework\src\Illuminate\Routing\Router.php(660): Illuminate\Pipeline\Pipeline->then(Object(Closure))
#44 C:\laragon\www\landing\vendor\laravel\framework\src\Illuminate\Routing\Router.php(635): Illuminate\Routing\Router->runRouteWithinStack(Object(Illuminate\Routing\Route), Object(Illuminate\Http\Request))
#45 C:\laragon\www\landing\vendor\laravel\framework\src\Illuminate\Routing\Router.php(601): Illuminate\Routing\Router->runRoute(Object(Illuminate\Http\Request), Object(Illuminate\Routing\Route))
#46 C:\laragon\www\landing\vendor\october\rain\src\Router\CoreRouter.php(20): Illuminate\Routing\Router->dispatchToRoute(Object(Illuminate\Http\Request))
#47 C:\laragon\www\landing\vendor\laravel\framework\src\Illuminate\Foundation\Http\Kernel.php(176): October\Rain\Router\CoreRouter->dispatch(Object(Illuminate\Http\Request))
#48 C:\laragon\www\landing\vendor\laravel\framework\src\Illuminate\Routing\Pipeline.php(30): Illuminate\Foundation\Http\Kernel->Illuminate\Foundation\Http\{closure}(Object(Illuminate\Http\Request))
#49 C:\laragon\www\landing\vendor\laravel\framework\src\Illuminate\Foundation\Http\Middleware\CheckForMaintenanceMode.php(46): Illuminate\Routing\Pipeline->Illuminate\Routing\{closure}(Object(Illuminate\Http\Request))
#50 C:\laragon\www\landing\vendor\laravel\framework\src\Illuminate\Pipeline\Pipeline.php(149): Illuminate\Foundation\Http\Middleware\CheckForMaintenanceMode->handle(Object(Illuminate\Http\Request), Object(Closure))
#51 C:\laragon\www\landing\vendor\laravel\framework\src\Illuminate\Routing\Pipeline.php(53): Illuminate\Pipeline\Pipeline->Illuminate\Pipeline\{closure}(Object(Illuminate\Http\Request))
#52 C:\laragon\www\landing\vendor\laravel\framework\src\Illuminate\Pipeline\Pipeline.php(102): Illuminate\Routing\Pipeline->Illuminate\Routing\{closure}(Object(Illuminate\Http\Request))
#53 C:\laragon\www\landing\vendor\laravel\framework\src\Illuminate\Foundation\Http\Kernel.php(151): Illuminate\Pipeline\Pipeline->then(Object(Closure))
#54 C:\laragon\www\landing\vendor\laravel\framework\src\Illuminate\Foundation\Http\Kernel.php(116): Illuminate\Foundation\Http\Kernel->sendRequestThroughRouter(Object(Illuminate\Http\Request))
#55 C:\laragon\www\landing\index.php(43): Illuminate\Foundation\Http\Kernel->handle(Object(Illuminate\Http\Request))
#56 {main}. in C:\laragon\www\landing\vendor\swiftmailer\swiftmailer\lib\classes\Swift\Transport\Esmtp\AuthHandler.php:191
Stack trace:
#0 C:\laragon\www\landing\vendor\swiftmailer\swiftmailer\lib\classes\Swift\Transport\EsmtpTransport.php(371): Swift_Transport_Esmtp_AuthHandler->afterEhlo(Object(Swift_SmtpTransport))
#1 C:\laragon\www\landing\vendor\swiftmailer\swiftmailer\lib\classes\Swift\Transport\AbstractSmtpTransport.php(148): Swift_Transport_EsmtpTransport->doHeloCommand()
#2 C:\laragon\www\landing\vendor\swiftmailer\swiftmailer\lib\classes\Swift\Mailer.php(65): Swift_Transport_AbstractSmtpTransport->start()
#3 C:\laragon\www\landing\vendor\laravel\framework\src\Illuminate\Mail\Mailer.php(451): Swift_Mailer->send(Object(Swift_Message), Array)
#4 C:\laragon\www\landing\vendor\october\rain\src\Mail\Mailer.php(113): Illuminate\Mail\Mailer->sendSwiftMessage(Object(Swift_Message))
#5 C:\laragon\www\landing\vendor\laravel\framework\src\Illuminate\Support\Facades\Facade.php(221): October\Rain\Mail\Mailer->send('artcodelab.func...', Array, Object(Closure))
#6 C:\laragon\www\landing\plugins\artcodelab\funcionalidades\components\Mail.php(32): Illuminate\Support\Facades\Facade::__callStatic('send', Array)
#7 C:\laragon\www\landing\modules\cms\classes\ComponentBase.php(187): Artcodelab\Funcionalidades\Components\Mail->onSend()
#8 C:\laragon\www\landing\modules\cms\classes\Controller.php(728): Cms\Classes\ComponentBase->runAjaxHandler('onSend')
#9 C:\laragon\www\landing\modules\cms\classes\Controller.php(618): Cms\Classes\Controller->runAjaxHandler('mail::onSend')
#10 C:\laragon\www\landing\modules\cms\classes\Controller.php(323): Cms\Classes\Controller->execAjaxHandlers()
#11 C:\laragon\www\landing\modules\cms\classes\Controller.php(206): Cms\Classes\Controller->runPage(Object(Cms\Classes\Page))
#12 C:\laragon\www\landing\modules\cms\classes\CmsController.php(50): Cms\Classes\Controller->run('/')
#13 [internal function]: Cms\Classes\CmsController->run('/')
#14 C:\laragon\www\landing\vendor\laravel\framework\src\Illuminate\Routing\Controller.php(54): call_user_func_array(Array, Array)
#15 C:\laragon\www\landing\vendor\laravel\framework\src\Illuminate\Routing\ControllerDispatcher.php(45): Illuminate\Routing\Controller->callAction('run', Array)
#16 C:\laragon\www\landing\vendor\laravel\framework\src\Illuminate\Routing\Route.php(212): Illuminate\Routing\ControllerDispatcher->dispatch(Object(Illuminate\Routing\Route), Object(Cms\Classes\CmsController), 'run')
#17 C:\laragon\www\landing\vendor\laravel\framework\src\Illuminate\Routing\Route.php(169): Illuminate\Routing\Route->runController()
#18 C:\laragon\www\landing\vendor\laravel\framework\src\Illuminate\Routing\Router.php(658): Illuminate\Routing\Route->run()
#19 C:\laragon\www\landing\vendor\laravel\framework\src\Illuminate\Routing\Pipeline.php(30): Illuminate\Routing\Router->Illuminate\Routing\{closure}(Object(Illuminate\Http\Request))
#20 C:\laragon\www\landing\plugins\rainlab\translate\classes\LocaleMiddleware.php(29): Illuminate\Routing\Pipeline->Illuminate\Routing\{closure}(Object(Illuminate\Http\Request))
#21 C:\laragon\www\landing\vendor\laravel\framework\src\Illuminate\Pipeline\Pipeline.php(149): RainLab\Translate\Classes\LocaleMiddleware->handle(Object(Illuminate\Http\Request), Object(Closure))
#22 C:\laragon\www\landing\vendor\laravel\framework\src\Illuminate\Routing\Pipeline.php(53): Illuminate\Pipeline\Pipeline->Illuminate\Pipeline\{closure}(Object(Illuminate\Http\Request))
#23 C:\laragon\www\landing\vendor\laravel\framework\src\Illuminate\Routing\Middleware\SubstituteBindings.php(41): Illuminate\Routing\Pipeline->Illuminate\Routing\{closure}(Object(Illuminate\Http\Request))
#24 C:\laragon\www\landing\vendor\laravel\framework\src\Illuminate\Pipeline\Pipeline.php(149): Illuminate\Routing\Middleware\SubstituteBindings->handle(Object(Illuminate\Http\Request), Object(Closure))
#25 C:\laragon\www\landing\vendor\laravel\framework\src\Illuminate\Routing\Pipeline.php(53): Illuminate\Pipeline\Pipeline->Illuminate\Pipeline\{closure}(Object(Illuminate\Http\Request))
#26 C:\laragon\www\landing\vendor\laravel\framework\src\Illuminate\View\Middleware\ShareErrorsFromSession.php(49): Illuminate\Routing\Pipeline->Illuminate\Routing\{closure}(Object(Illuminate\Http\Request))
#27 C:\laragon\www\landing\vendor\laravel\framework\src\Illuminate\Pipeline\Pipeline.php(149): Illuminate\View\Middleware\ShareErrorsFromSession->handle(Object(Illuminate\Http\Request), Object(Closure))
#28 C:\laragon\www\landing\vendor\laravel\framework\src\Illuminate\Routing\Pipeline.php(53): Illuminate\Pipeline\Pipeline->Illuminate\Pipeline\{closure}(Object(Illuminate\Http\Request))
#29 C:\laragon\www\landing\vendor\laravel\framework\src\Illuminate\Session\Middleware\StartSession.php(63): Illuminate\Routing\Pipeline->Illuminate\Routing\{closure}(Object(Illuminate\Http\Request))
#30 C:\laragon\www\landing\vendor\laravel\framework\src\Illuminate\Pipeline\Pipeline.php(149): Illuminate\Session\Middleware\StartSession->handle(Object(Illuminate\Http\Request), Object(Closure))
#31 C:\laragon\www\landing\vendor\laravel\framework\src\Illuminate\Routing\Pipeline.php(53): Illuminate\Pipeline\Pipeline->Illuminate\Pipeline\{closure}(Object(Illuminate\Http\Request))
#32 C:\laragon\www\landing\vendor\laravel\framework\src\Illuminate\Cookie\Middleware\AddQueuedCookiesToResponse.php(37): Illuminate\Routing\Pipeline->Illuminate\Routing\{closure}(Object(Illuminate\Http\Request))
#33 C:\laragon\www\landing\vendor\laravel\framework\src\Illuminate\Pipeline\Pipeline.php(149): Illuminate\Cookie\Middleware\AddQueuedCookiesToResponse->handle(Object(Illuminate\Http\Request), Object(Closure))
#34 C:\laragon\www\landing\vendor\laravel\framework\src\Illuminate\Routing\Pipeline.php(53): Illuminate\Pipeline\Pipeline->Illuminate\Pipeline\{closure}(Object(Illuminate\Http\Request))
#35 C:\laragon\www\landing\vendor\laravel\framework\src\Illuminate\Cookie\Middleware\EncryptCookies.php(66): Illuminate\Routing\Pipeline->Illuminate\Routing\{closure}(Object(Illuminate\Http\Request))
#36 C:\laragon\www\landing\vendor\laravel\framework\src\Illuminate\Pipeline\Pipeline.php(149): Illuminate\Cookie\Middleware\EncryptCookies->handle(Object(Illuminate\Http\Request), Object(Closure))
#37 C:\laragon\www\landing\vendor\laravel\framework\src\Illuminate\Routing\Pipeline.php(53): Illuminate\Pipeline\Pipeline->Illuminate\Pipeline\{closure}(Object(Illuminate\Http\Request))
#38 C:\laragon\www\landing\vendor\laravel\framework\src\Illuminate\Pipeline\Pipeline.php(102): Illuminate\Routing\Pipeline->Illuminate\Routing\{closure}(Object(Illuminate\Http\Request))
#39 C:\laragon\www\landing\vendor\laravel\framework\src\Illuminate\Routing\Router.php(660): Illuminate\Pipeline\Pipeline->then(Object(Closure))
#40 C:\laragon\www\landing\vendor\laravel\framework\src\Illuminate\Routing\Router.php(635): Illuminate\Routing\Router->runRouteWithinStack(Object(Illuminate\Routing\Route), Object(Illuminate\Http\Request))
#41 C:\laragon\www\landing\vendor\laravel\framework\src\Illuminate\Routing\Router.php(601): Illuminate\Routing\Router->runRoute(Object(Illuminate\Http\Request), Object(Illuminate\Routing\Route))
#42 C:\laragon\www\landing\vendor\october\rain\src\Router\CoreRouter.php(20): Illuminate\Routing\Router->dispatchToRoute(Object(Illuminate\Http\Request))
#43 C:\laragon\www\landing\vendor\laravel\framework\src\Illuminate\Foundation\Http\Kernel.php(176): October\Rain\Router\CoreRouter->dispatch(Object(Illuminate\Http\Request))
#44 C:\laragon\www\landing\vendor\laravel\framework\src\Illuminate\Routing\Pipeline.php(30): Illuminate\Foundation\Http\Kernel->Illuminate\Foundation\Http\{closure}(Object(Illuminate\Http\Request))
#45 C:\laragon\www\landing\vendor\laravel\framework\src\Illuminate\Foundation\Http\Middleware\CheckForMaintenanceMode.php(46): Illuminate\Routing\Pipeline->Illuminate\Routing\{closure}(Object(Illuminate\Http\Request))
#46 C:\laragon\www\landing\vendor\laravel\framework\src\Illuminate\Pipeline\Pipeline.php(149): Illuminate\Foundation\Http\Middleware\CheckForMaintenanceMode->handle(Object(Illuminate\Http\Request), Object(Closure))
#47 C:\laragon\www\landing\vendor\laravel\framework\src\Illuminate\Routing\Pipeline.php(53): Illuminate\Pipeline\Pipeline->Illuminate\Pipeline\{closure}(Object(Illuminate\Http\Request))
#48 C:\laragon\www\landing\vendor\laravel\framework\src\Illuminate\Pipeline\Pipeline.php(102): Illuminate\Routing\Pipeline->Illuminate\Routing\{closure}(Object(Illuminate\Http\Request))
#49 C:\laragon\www\landing\vendor\laravel\framework\src\Illuminate\Foundation\Http\Kernel.php(151): Illuminate\Pipeline\Pipeline->then(Object(Closure))
#50 C:\laragon\www\landing\vendor\laravel\framework\src\Illuminate\Foundation\Http\Kernel.php(116): Illuminate\Foundation\Http\Kernel->sendRequestThroughRouter(Object(Illuminate\Http\Request))
#51 C:\laragon\www\landing\index.php(43): Illuminate\Foundation\Http\Kernel->handle(Object(Illuminate\Http\Request))
#52 {main}  
[2018-10-16 16:23:24] development.ERROR: Twig_Error_Syntax: Unexpected token "end of template" of value "" ("end of statement block" expected) in "__string_template__5b0728fb60d6633b804dc449a53abba78bf70e36f6d0e785bec5d256e9190c9f" at line 47. in C:\laragon\www\landing\vendor\twig\twig\lib\Twig\TokenStream.php:80
Stack trace:
#0 C:\laragon\www\landing\modules\system\twig\MailPartialTokenParser.php(74): Twig_TokenStream->expect(3)
#1 C:\laragon\www\landing\vendor\twig\twig\lib\Twig\Parser.php(168): System\Twig\MailPartialTokenParser->parse(Object(Twig_Token))
#2 C:\laragon\www\landing\vendor\twig\twig\lib\Twig\Parser.php(81): Twig_Parser->subparse(NULL, false)
#3 C:\laragon\www\landing\vendor\twig\twig\lib\Twig\Environment.php(533): Twig_Parser->parse(Object(Twig_TokenStream))
#4 C:\laragon\www\landing\vendor\twig\twig\lib\Twig\Environment.php(565): Twig_Environment->parse(Object(Twig_TokenStream))
#5 C:\laragon\www\landing\vendor\twig\twig\lib\Twig\Environment.php(368): Twig_Environment->compileSource(Object(Twig_Source))
#6 C:\laragon\www\landing\vendor\twig\twig\lib\Twig\Environment.php(428): Twig_Environment->loadTemplate('__string_templa...')
#7 C:\laragon\www\landing\vendor\october\rain\src\Parse\Twig.php(23): Twig_Environment->createTemplate('<!DOCTYPE html ...')
#8 C:\laragon\www\landing\vendor\laravel\framework\src\Illuminate\Support\Facades\Facade.php(221): October\Rain\Parse\Twig->parse('<!DOCTYPE html ...', Array)
#9 C:\laragon\www\landing\modules\system\classes\MailManager.php(280): Illuminate\Support\Facades\Facade::__callStatic('parse', Array)
#10 C:\laragon\www\landing\modules\system\classes\MailManager.php(202): System\Classes\MailManager->renderTwig('<!DOCTYPE html ...', Array)
#11 C:\laragon\www\landing\modules\system\classes\MailManager.php(142): System\Classes\MailManager->renderTemplate(Object(System\Models\MailTemplate), Array)
#12 C:\laragon\www\landing\modules\system\classes\MailManager.php(96): System\Classes\MailManager->addContentToMailerInternal(Object(Illuminate\Mail\Message), Object(System\Models\MailTemplate), Array, false)
#13 C:\laragon\www\landing\modules\system\ServiceProvider.php(331): System\Classes\MailManager->addContentToMailer(Object(Illuminate\Mail\Message), 'artcodelab', Array, false)
#14 [internal function]: System\ServiceProvider->System\{closure}(Object(October\Rain\Mail\Mailer), Object(Illuminate\Mail\Message), 'artcodelab', Array, NULL, NULL)
#15 C:\laragon\www\landing\vendor\october\rain\src\Events\Dispatcher.php(233): call_user_func_array(Object(Closure), Array)
#16 C:\laragon\www\landing\vendor\october\rain\src\Events\Dispatcher.php(197): October\Rain\Events\Dispatcher->dispatch('mailer.beforeAd...', Array, true)
#17 C:\laragon\www\landing\vendor\laravel\framework\src\Illuminate\Support\Facades\Facade.php(221): October\Rain\Events\Dispatcher->fire('mailer.beforeAd...', Array, true)
#18 C:\laragon\www\landing\vendor\october\rain\src\Mail\Mailer.php(393): Illuminate\Support\Facades\Facade::__callStatic('fire', Array)
#19 C:\laragon\www\landing\vendor\october\rain\src\Mail\Mailer.php(73): October\Rain\Mail\Mailer->addContent(Object(Illuminate\Mail\Message), 'artcodelab', NULL, NULL, Array)
#20 C:\laragon\www\landing\vendor\laravel\framework\src\Illuminate\Support\Facades\Facade.php(221): October\Rain\Mail\Mailer->send('artcodelab', Array, Object(Closure))
#21 C:\laragon\www\landing\plugins\artcodelab\funcionalidades\components\Mail.php(32): Illuminate\Support\Facades\Facade::__callStatic('send', Array)
#22 C:\laragon\www\landing\modules\cms\classes\ComponentBase.php(187): Artcodelab\Funcionalidades\Components\Mail->onSend()
#23 C:\laragon\www\landing\modules\cms\classes\Controller.php(728): Cms\Classes\ComponentBase->runAjaxHandler('onSend')
#24 C:\laragon\www\landing\modules\cms\classes\Controller.php(618): Cms\Classes\Controller->runAjaxHandler('mail::onSend')
#25 C:\laragon\www\landing\modules\cms\classes\Controller.php(323): Cms\Classes\Controller->execAjaxHandlers()
#26 C:\laragon\www\landing\modules\cms\classes\Controller.php(206): Cms\Classes\Controller->runPage(Object(Cms\Classes\Page))
#27 C:\laragon\www\landing\modules\cms\classes\CmsController.php(50): Cms\Classes\Controller->run('/')
#28 [internal function]: Cms\Classes\CmsController->run('/')
#29 C:\laragon\www\landing\vendor\laravel\framework\src\Illuminate\Routing\Controller.php(54): call_user_func_array(Array, Array)
#30 C:\laragon\www\landing\vendor\laravel\framework\src\Illuminate\Routing\ControllerDispatcher.php(45): Illuminate\Routing\Controller->callAction('run', Array)
#31 C:\laragon\www\landing\vendor\laravel\framework\src\Illuminate\Routing\Route.php(212): Illuminate\Routing\ControllerDispatcher->dispatch(Object(Illuminate\Routing\Route), Object(Cms\Classes\CmsController), 'run')
#32 C:\laragon\www\landing\vendor\laravel\framework\src\Illuminate\Routing\Route.php(169): Illuminate\Routing\Route->runController()
#33 C:\laragon\www\landing\vendor\laravel\framework\src\Illuminate\Routing\Router.php(658): Illuminate\Routing\Route->run()
#34 C:\laragon\www\landing\vendor\laravel\framework\src\Illuminate\Routing\Pipeline.php(30): Illuminate\Routing\Router->Illuminate\Routing\{closure}(Object(Illuminate\Http\Request))
#35 C:\laragon\www\landing\plugins\rainlab\translate\classes\LocaleMiddleware.php(29): Illuminate\Routing\Pipeline->Illuminate\Routing\{closure}(Object(Illuminate\Http\Request))
#36 C:\laragon\www\landing\vendor\laravel\framework\src\Illuminate\Pipeline\Pipeline.php(149): RainLab\Translate\Classes\LocaleMiddleware->handle(Object(Illuminate\Http\Request), Object(Closure))
#37 C:\laragon\www\landing\vendor\laravel\framework\src\Illuminate\Routing\Pipeline.php(53): Illuminate\Pipeline\Pipeline->Illuminate\Pipeline\{closure}(Object(Illuminate\Http\Request))
#38 C:\laragon\www\landing\vendor\laravel\framework\src\Illuminate\Routing\Middleware\SubstituteBindings.php(41): Illuminate\Routing\Pipeline->Illuminate\Routing\{closure}(Object(Illuminate\Http\Request))
#39 C:\laragon\www\landing\vendor\laravel\framework\src\Illuminate\Pipeline\Pipeline.php(149): Illuminate\Routing\Middleware\SubstituteBindings->handle(Object(Illuminate\Http\Request), Object(Closure))
#40 C:\laragon\www\landing\vendor\laravel\framework\src\Illuminate\Routing\Pipeline.php(53): Illuminate\Pipeline\Pipeline->Illuminate\Pipeline\{closure}(Object(Illuminate\Http\Request))
#41 C:\laragon\www\landing\vendor\laravel\framework\src\Illuminate\View\Middleware\ShareErrorsFromSession.php(49): Illuminate\Routing\Pipeline->Illuminate\Routing\{closure}(Object(Illuminate\Http\Request))
#42 C:\laragon\www\landing\vendor\laravel\framework\src\Illuminate\Pipeline\Pipeline.php(149): Illuminate\View\Middleware\ShareErrorsFromSession->handle(Object(Illuminate\Http\Request), Object(Closure))
#43 C:\laragon\www\landing\vendor\laravel\framework\src\Illuminate\Routing\Pipeline.php(53): Illuminate\Pipeline\Pipeline->Illuminate\Pipeline\{closure}(Object(Illuminate\Http\Request))
#44 C:\laragon\www\landing\vendor\laravel\framework\src\Illuminate\Session\Middleware\StartSession.php(63): Illuminate\Routing\Pipeline->Illuminate\Routing\{closure}(Object(Illuminate\Http\Request))
#45 C:\laragon\www\landing\vendor\laravel\framework\src\Illuminate\Pipeline\Pipeline.php(149): Illuminate\Session\Middleware\StartSession->handle(Object(Illuminate\Http\Request), Object(Closure))
#46 C:\laragon\www\landing\vendor\laravel\framework\src\Illuminate\Routing\Pipeline.php(53): Illuminate\Pipeline\Pipeline->Illuminate\Pipeline\{closure}(Object(Illuminate\Http\Request))
#47 C:\laragon\www\landing\vendor\laravel\framework\src\Illuminate\Cookie\Middleware\AddQueuedCookiesToResponse.php(37): Illuminate\Routing\Pipeline->Illuminate\Routing\{closure}(Object(Illuminate\Http\Request))
#48 C:\laragon\www\landing\vendor\laravel\framework\src\Illuminate\Pipeline\Pipeline.php(149): Illuminate\Cookie\Middleware\AddQueuedCookiesToResponse->handle(Object(Illuminate\Http\Request), Object(Closure))
#49 C:\laragon\www\landing\vendor\laravel\framework\src\Illuminate\Routing\Pipeline.php(53): Illuminate\Pipeline\Pipeline->Illuminate\Pipeline\{closure}(Object(Illuminate\Http\Request))
#50 C:\laragon\www\landing\vendor\laravel\framework\src\Illuminate\Cookie\Middleware\EncryptCookies.php(66): Illuminate\Routing\Pipeline->Illuminate\Routing\{closure}(Object(Illuminate\Http\Request))
#51 C:\laragon\www\landing\vendor\laravel\framework\src\Illuminate\Pipeline\Pipeline.php(149): Illuminate\Cookie\Middleware\EncryptCookies->handle(Object(Illuminate\Http\Request), Object(Closure))
#52 C:\laragon\www\landing\vendor\laravel\framework\src\Illuminate\Routing\Pipeline.php(53): Illuminate\Pipeline\Pipeline->Illuminate\Pipeline\{closure}(Object(Illuminate\Http\Request))
#53 C:\laragon\www\landing\vendor\laravel\framework\src\Illuminate\Pipeline\Pipeline.php(102): Illuminate\Routing\Pipeline->Illuminate\Routing\{closure}(Object(Illuminate\Http\Request))
#54 C:\laragon\www\landing\vendor\laravel\framework\src\Illuminate\Routing\Router.php(660): Illuminate\Pipeline\Pipeline->then(Object(Closure))
#55 C:\laragon\www\landing\vendor\laravel\framework\src\Illuminate\Routing\Router.php(635): Illuminate\Routing\Router->runRouteWithinStack(Object(Illuminate\Routing\Route), Object(Illuminate\Http\Request))
#56 C:\laragon\www\landing\vendor\laravel\framework\src\Illuminate\Routing\Router.php(601): Illuminate\Routing\Router->runRoute(Object(Illuminate\Http\Request), Object(Illuminate\Routing\Route))
#57 C:\laragon\www\landing\vendor\october\rain\src\Router\CoreRouter.php(20): Illuminate\Routing\Router->dispatchToRoute(Object(Illuminate\Http\Request))
#58 C:\laragon\www\landing\vendor\laravel\framework\src\Illuminate\Foundation\Http\Kernel.php(176): October\Rain\Router\CoreRouter->dispatch(Object(Illuminate\Http\Request))
#59 C:\laragon\www\landing\vendor\laravel\framework\src\Illuminate\Routing\Pipeline.php(30): Illuminate\Foundation\Http\Kernel->Illuminate\Foundation\Http\{closure}(Object(Illuminate\Http\Request))
#60 C:\laragon\www\landing\vendor\laravel\framework\src\Illuminate\Foundation\Http\Middleware\CheckForMaintenanceMode.php(46): Illuminate\Routing\Pipeline->Illuminate\Routing\{closure}(Object(Illuminate\Http\Request))
#61 C:\laragon\www\landing\vendor\laravel\framework\src\Illuminate\Pipeline\Pipeline.php(149): Illuminate\Foundation\Http\Middleware\CheckForMaintenanceMode->handle(Object(Illuminate\Http\Request), Object(Closure))
#62 C:\laragon\www\landing\vendor\laravel\framework\src\Illuminate\Routing\Pipeline.php(53): Illuminate\Pipeline\Pipeline->Illuminate\Pipeline\{closure}(Object(Illuminate\Http\Request))
#63 C:\laragon\www\landing\vendor\laravel\framework\src\Illuminate\Pipeline\Pipeline.php(102): Illuminate\Routing\Pipeline->Illuminate\Routing\{closure}(Object(Illuminate\Http\Request))
#64 C:\laragon\www\landing\vendor\laravel\framework\src\Illuminate\Foundation\Http\Kernel.php(151): Illuminate\Pipeline\Pipeline->then(Object(Closure))
#65 C:\laragon\www\landing\vendor\laravel\framework\src\Illuminate\Foundation\Http\Kernel.php(116): Illuminate\Foundation\Http\Kernel->sendRequestThroughRouter(Object(Illuminate\Http\Request))
#66 C:\laragon\www\landing\index.php(43): Illuminate\Foundation\Http\Kernel->handle(Object(Illuminate\Http\Request))
#67 {main}  
[2018-10-16 16:23:36] development.ERROR: Twig_Error_Syntax: Unexpected token "end of template" of value "" ("end of statement block" expected) in "__string_template__5b0728fb60d6633b804dc449a53abba78bf70e36f6d0e785bec5d256e9190c9f" at line 47. in C:\laragon\www\landing\vendor\twig\twig\lib\Twig\TokenStream.php:80
Stack trace:
#0 C:\laragon\www\landing\modules\system\twig\MailPartialTokenParser.php(74): Twig_TokenStream->expect(3)
#1 C:\laragon\www\landing\vendor\twig\twig\lib\Twig\Parser.php(168): System\Twig\MailPartialTokenParser->parse(Object(Twig_Token))
#2 C:\laragon\www\landing\vendor\twig\twig\lib\Twig\Parser.php(81): Twig_Parser->subparse(NULL, false)
#3 C:\laragon\www\landing\vendor\twig\twig\lib\Twig\Environment.php(533): Twig_Parser->parse(Object(Twig_TokenStream))
#4 C:\laragon\www\landing\vendor\twig\twig\lib\Twig\Environment.php(565): Twig_Environment->parse(Object(Twig_TokenStream))
#5 C:\laragon\www\landing\vendor\twig\twig\lib\Twig\Environment.php(368): Twig_Environment->compileSource(Object(Twig_Source))
#6 C:\laragon\www\landing\vendor\twig\twig\lib\Twig\Environment.php(428): Twig_Environment->loadTemplate('__string_templa...')
#7 C:\laragon\www\landing\vendor\october\rain\src\Parse\Twig.php(23): Twig_Environment->createTemplate('<!DOCTYPE html ...')
#8 C:\laragon\www\landing\vendor\laravel\framework\src\Illuminate\Support\Facades\Facade.php(221): October\Rain\Parse\Twig->parse('<!DOCTYPE html ...', Array)
#9 C:\laragon\www\landing\modules\system\classes\MailManager.php(280): Illuminate\Support\Facades\Facade::__callStatic('parse', Array)
#10 C:\laragon\www\landing\modules\system\classes\MailManager.php(202): System\Classes\MailManager->renderTwig('<!DOCTYPE html ...', Array)
#11 C:\laragon\www\landing\modules\system\classes\MailManager.php(142): System\Classes\MailManager->renderTemplate(Object(System\Models\MailTemplate), Array)
#12 C:\laragon\www\landing\modules\system\classes\MailManager.php(96): System\Classes\MailManager->addContentToMailerInternal(Object(Illuminate\Mail\Message), Object(System\Models\MailTemplate), Array, false)
#13 C:\laragon\www\landing\modules\system\ServiceProvider.php(331): System\Classes\MailManager->addContentToMailer(Object(Illuminate\Mail\Message), 'artcodelab', Array, false)
#14 [internal function]: System\ServiceProvider->System\{closure}(Object(October\Rain\Mail\Mailer), Object(Illuminate\Mail\Message), 'artcodelab', Array, NULL, NULL)
#15 C:\laragon\www\landing\vendor\october\rain\src\Events\Dispatcher.php(233): call_user_func_array(Object(Closure), Array)
#16 C:\laragon\www\landing\vendor\october\rain\src\Events\Dispatcher.php(197): October\Rain\Events\Dispatcher->dispatch('mailer.beforeAd...', Array, true)
#17 C:\laragon\www\landing\vendor\laravel\framework\src\Illuminate\Support\Facades\Facade.php(221): October\Rain\Events\Dispatcher->fire('mailer.beforeAd...', Array, true)
#18 C:\laragon\www\landing\vendor\october\rain\src\Mail\Mailer.php(393): Illuminate\Support\Facades\Facade::__callStatic('fire', Array)
#19 C:\laragon\www\landing\vendor\october\rain\src\Mail\Mailer.php(73): October\Rain\Mail\Mailer->addContent(Object(Illuminate\Mail\Message), 'artcodelab', NULL, NULL, Array)
#20 C:\laragon\www\landing\vendor\laravel\framework\src\Illuminate\Support\Facades\Facade.php(221): October\Rain\Mail\Mailer->send('artcodelab', Array, Object(Closure))
#21 C:\laragon\www\landing\plugins\artcodelab\funcionalidades\components\Mail.php(32): Illuminate\Support\Facades\Facade::__callStatic('send', Array)
#22 C:\laragon\www\landing\modules\cms\classes\ComponentBase.php(187): Artcodelab\Funcionalidades\Components\Mail->onSend()
#23 C:\laragon\www\landing\modules\cms\classes\Controller.php(728): Cms\Classes\ComponentBase->runAjaxHandler('onSend')
#24 C:\laragon\www\landing\modules\cms\classes\Controller.php(618): Cms\Classes\Controller->runAjaxHandler('mail::onSend')
#25 C:\laragon\www\landing\modules\cms\classes\Controller.php(323): Cms\Classes\Controller->execAjaxHandlers()
#26 C:\laragon\www\landing\modules\cms\classes\Controller.php(206): Cms\Classes\Controller->runPage(Object(Cms\Classes\Page))
#27 C:\laragon\www\landing\modules\cms\classes\CmsController.php(50): Cms\Classes\Controller->run('/')
#28 [internal function]: Cms\Classes\CmsController->run('/')
#29 C:\laragon\www\landing\vendor\laravel\framework\src\Illuminate\Routing\Controller.php(54): call_user_func_array(Array, Array)
#30 C:\laragon\www\landing\vendor\laravel\framework\src\Illuminate\Routing\ControllerDispatcher.php(45): Illuminate\Routing\Controller->callAction('run', Array)
#31 C:\laragon\www\landing\vendor\laravel\framework\src\Illuminate\Routing\Route.php(212): Illuminate\Routing\ControllerDispatcher->dispatch(Object(Illuminate\Routing\Route), Object(Cms\Classes\CmsController), 'run')
#32 C:\laragon\www\landing\vendor\laravel\framework\src\Illuminate\Routing\Route.php(169): Illuminate\Routing\Route->runController()
#33 C:\laragon\www\landing\vendor\laravel\framework\src\Illuminate\Routing\Router.php(658): Illuminate\Routing\Route->run()
#34 C:\laragon\www\landing\vendor\laravel\framework\src\Illuminate\Routing\Pipeline.php(30): Illuminate\Routing\Router->Illuminate\Routing\{closure}(Object(Illuminate\Http\Request))
#35 C:\laragon\www\landing\plugins\rainlab\translate\classes\LocaleMiddleware.php(29): Illuminate\Routing\Pipeline->Illuminate\Routing\{closure}(Object(Illuminate\Http\Request))
#36 C:\laragon\www\landing\vendor\laravel\framework\src\Illuminate\Pipeline\Pipeline.php(149): RainLab\Translate\Classes\LocaleMiddleware->handle(Object(Illuminate\Http\Request), Object(Closure))
#37 C:\laragon\www\landing\vendor\laravel\framework\src\Illuminate\Routing\Pipeline.php(53): Illuminate\Pipeline\Pipeline->Illuminate\Pipeline\{closure}(Object(Illuminate\Http\Request))
#38 C:\laragon\www\landing\vendor\laravel\framework\src\Illuminate\Routing\Middleware\SubstituteBindings.php(41): Illuminate\Routing\Pipeline->Illuminate\Routing\{closure}(Object(Illuminate\Http\Request))
#39 C:\laragon\www\landing\vendor\laravel\framework\src\Illuminate\Pipeline\Pipeline.php(149): Illuminate\Routing\Middleware\SubstituteBindings->handle(Object(Illuminate\Http\Request), Object(Closure))
#40 C:\laragon\www\landing\vendor\laravel\framework\src\Illuminate\Routing\Pipeline.php(53): Illuminate\Pipeline\Pipeline->Illuminate\Pipeline\{closure}(Object(Illuminate\Http\Request))
#41 C:\laragon\www\landing\vendor\laravel\framework\src\Illuminate\View\Middleware\ShareErrorsFromSession.php(49): Illuminate\Routing\Pipeline->Illuminate\Routing\{closure}(Object(Illuminate\Http\Request))
#42 C:\laragon\www\landing\vendor\laravel\framework\src\Illuminate\Pipeline\Pipeline.php(149): Illuminate\View\Middleware\ShareErrorsFromSession->handle(Object(Illuminate\Http\Request), Object(Closure))
#43 C:\laragon\www\landing\vendor\laravel\framework\src\Illuminate\Routing\Pipeline.php(53): Illuminate\Pipeline\Pipeline->Illuminate\Pipeline\{closure}(Object(Illuminate\Http\Request))
#44 C:\laragon\www\landing\vendor\laravel\framework\src\Illuminate\Session\Middleware\StartSession.php(63): Illuminate\Routing\Pipeline->Illuminate\Routing\{closure}(Object(Illuminate\Http\Request))
#45 C:\laragon\www\landing\vendor\laravel\framework\src\Illuminate\Pipeline\Pipeline.php(149): Illuminate\Session\Middleware\StartSession->handle(Object(Illuminate\Http\Request), Object(Closure))
#46 C:\laragon\www\landing\vendor\laravel\framework\src\Illuminate\Routing\Pipeline.php(53): Illuminate\Pipeline\Pipeline->Illuminate\Pipeline\{closure}(Object(Illuminate\Http\Request))
#47 C:\laragon\www\landing\vendor\laravel\framework\src\Illuminate\Cookie\Middleware\AddQueuedCookiesToResponse.php(37): Illuminate\Routing\Pipeline->Illuminate\Routing\{closure}(Object(Illuminate\Http\Request))
#48 C:\laragon\www\landing\vendor\laravel\framework\src\Illuminate\Pipeline\Pipeline.php(149): Illuminate\Cookie\Middleware\AddQueuedCookiesToResponse->handle(Object(Illuminate\Http\Request), Object(Closure))
#49 C:\laragon\www\landing\vendor\laravel\framework\src\Illuminate\Routing\Pipeline.php(53): Illuminate\Pipeline\Pipeline->Illuminate\Pipeline\{closure}(Object(Illuminate\Http\Request))
#50 C:\laragon\www\landing\vendor\laravel\framework\src\Illuminate\Cookie\Middleware\EncryptCookies.php(66): Illuminate\Routing\Pipeline->Illuminate\Routing\{closure}(Object(Illuminate\Http\Request))
#51 C:\laragon\www\landing\vendor\laravel\framework\src\Illuminate\Pipeline\Pipeline.php(149): Illuminate\Cookie\Middleware\EncryptCookies->handle(Object(Illuminate\Http\Request), Object(Closure))
#52 C:\laragon\www\landing\vendor\laravel\framework\src\Illuminate\Routing\Pipeline.php(53): Illuminate\Pipeline\Pipeline->Illuminate\Pipeline\{closure}(Object(Illuminate\Http\Request))
#53 C:\laragon\www\landing\vendor\laravel\framework\src\Illuminate\Pipeline\Pipeline.php(102): Illuminate\Routing\Pipeline->Illuminate\Routing\{closure}(Object(Illuminate\Http\Request))
#54 C:\laragon\www\landing\vendor\laravel\framework\src\Illuminate\Routing\Router.php(660): Illuminate\Pipeline\Pipeline->then(Object(Closure))
#55 C:\laragon\www\landing\vendor\laravel\framework\src\Illuminate\Routing\Router.php(635): Illuminate\Routing\Router->runRouteWithinStack(Object(Illuminate\Routing\Route), Object(Illuminate\Http\Request))
#56 C:\laragon\www\landing\vendor\laravel\framework\src\Illuminate\Routing\Router.php(601): Illuminate\Routing\Router->runRoute(Object(Illuminate\Http\Request), Object(Illuminate\Routing\Route))
#57 C:\laragon\www\landing\vendor\october\rain\src\Router\CoreRouter.php(20): Illuminate\Routing\Router->dispatchToRoute(Object(Illuminate\Http\Request))
#58 C:\laragon\www\landing\vendor\laravel\framework\src\Illuminate\Foundation\Http\Kernel.php(176): October\Rain\Router\CoreRouter->dispatch(Object(Illuminate\Http\Request))
#59 C:\laragon\www\landing\vendor\laravel\framework\src\Illuminate\Routing\Pipeline.php(30): Illuminate\Foundation\Http\Kernel->Illuminate\Foundation\Http\{closure}(Object(Illuminate\Http\Request))
#60 C:\laragon\www\landing\vendor\laravel\framework\src\Illuminate\Foundation\Http\Middleware\CheckForMaintenanceMode.php(46): Illuminate\Routing\Pipeline->Illuminate\Routing\{closure}(Object(Illuminate\Http\Request))
#61 C:\laragon\www\landing\vendor\laravel\framework\src\Illuminate\Pipeline\Pipeline.php(149): Illuminate\Foundation\Http\Middleware\CheckForMaintenanceMode->handle(Object(Illuminate\Http\Request), Object(Closure))
#62 C:\laragon\www\landing\vendor\laravel\framework\src\Illuminate\Routing\Pipeline.php(53): Illuminate\Pipeline\Pipeline->Illuminate\Pipeline\{closure}(Object(Illuminate\Http\Request))
#63 C:\laragon\www\landing\vendor\laravel\framework\src\Illuminate\Pipeline\Pipeline.php(102): Illuminate\Routing\Pipeline->Illuminate\Routing\{closure}(Object(Illuminate\Http\Request))
#64 C:\laragon\www\landing\vendor\laravel\framework\src\Illuminate\Foundation\Http\Kernel.php(151): Illuminate\Pipeline\Pipeline->then(Object(Closure))
#65 C:\laragon\www\landing\vendor\laravel\framework\src\Illuminate\Foundation\Http\Kernel.php(116): Illuminate\Foundation\Http\Kernel->sendRequestThroughRouter(Object(Illuminate\Http\Request))
#66 C:\laragon\www\landing\index.php(43): Illuminate\Foundation\Http\Kernel->handle(Object(Illuminate\Http\Request))
#67 {main}  
[2018-10-16 16:23:41] development.ERROR: Twig_Error_Syntax: Unexpected token "end of template" of value "" ("end of statement block" expected) in "__string_template__5b0728fb60d6633b804dc449a53abba78bf70e36f6d0e785bec5d256e9190c9f" at line 47. in C:\laragon\www\landing\vendor\twig\twig\lib\Twig\TokenStream.php:80
Stack trace:
#0 C:\laragon\www\landing\modules\system\twig\MailPartialTokenParser.php(74): Twig_TokenStream->expect(3)
#1 C:\laragon\www\landing\vendor\twig\twig\lib\Twig\Parser.php(168): System\Twig\MailPartialTokenParser->parse(Object(Twig_Token))
#2 C:\laragon\www\landing\vendor\twig\twig\lib\Twig\Parser.php(81): Twig_Parser->subparse(NULL, false)
#3 C:\laragon\www\landing\vendor\twig\twig\lib\Twig\Environment.php(533): Twig_Parser->parse(Object(Twig_TokenStream))
#4 C:\laragon\www\landing\vendor\twig\twig\lib\Twig\Environment.php(565): Twig_Environment->parse(Object(Twig_TokenStream))
#5 C:\laragon\www\landing\vendor\twig\twig\lib\Twig\Environment.php(368): Twig_Environment->compileSource(Object(Twig_Source))
#6 C:\laragon\www\landing\vendor\twig\twig\lib\Twig\Environment.php(428): Twig_Environment->loadTemplate('__string_templa...')
#7 C:\laragon\www\landing\vendor\october\rain\src\Parse\Twig.php(23): Twig_Environment->createTemplate('<!DOCTYPE html ...')
#8 C:\laragon\www\landing\vendor\laravel\framework\src\Illuminate\Support\Facades\Facade.php(221): October\Rain\Parse\Twig->parse('<!DOCTYPE html ...', Array)
#9 C:\laragon\www\landing\modules\system\classes\MailManager.php(280): Illuminate\Support\Facades\Facade::__callStatic('parse', Array)
#10 C:\laragon\www\landing\modules\system\classes\MailManager.php(202): System\Classes\MailManager->renderTwig('<!DOCTYPE html ...', Array)
#11 C:\laragon\www\landing\modules\system\classes\MailManager.php(142): System\Classes\MailManager->renderTemplate(Object(System\Models\MailTemplate), Array)
#12 C:\laragon\www\landing\modules\system\classes\MailManager.php(96): System\Classes\MailManager->addContentToMailerInternal(Object(Illuminate\Mail\Message), Object(System\Models\MailTemplate), Array, false)
#13 C:\laragon\www\landing\modules\system\ServiceProvider.php(331): System\Classes\MailManager->addContentToMailer(Object(Illuminate\Mail\Message), 'artcodelab', Array, false)
#14 [internal function]: System\ServiceProvider->System\{closure}(Object(October\Rain\Mail\Mailer), Object(Illuminate\Mail\Message), 'artcodelab', Array, NULL, NULL)
#15 C:\laragon\www\landing\vendor\october\rain\src\Events\Dispatcher.php(233): call_user_func_array(Object(Closure), Array)
#16 C:\laragon\www\landing\vendor\october\rain\src\Events\Dispatcher.php(197): October\Rain\Events\Dispatcher->dispatch('mailer.beforeAd...', Array, true)
#17 C:\laragon\www\landing\vendor\laravel\framework\src\Illuminate\Support\Facades\Facade.php(221): October\Rain\Events\Dispatcher->fire('mailer.beforeAd...', Array, true)
#18 C:\laragon\www\landing\vendor\october\rain\src\Mail\Mailer.php(393): Illuminate\Support\Facades\Facade::__callStatic('fire', Array)
#19 C:\laragon\www\landing\vendor\october\rain\src\Mail\Mailer.php(73): October\Rain\Mail\Mailer->addContent(Object(Illuminate\Mail\Message), 'artcodelab', NULL, NULL, Array)
#20 C:\laragon\www\landing\vendor\laravel\framework\src\Illuminate\Support\Facades\Facade.php(221): October\Rain\Mail\Mailer->send('artcodelab', Array, Object(Closure))
#21 C:\laragon\www\landing\plugins\artcodelab\funcionalidades\components\Mail.php(32): Illuminate\Support\Facades\Facade::__callStatic('send', Array)
#22 C:\laragon\www\landing\modules\cms\classes\ComponentBase.php(187): Artcodelab\Funcionalidades\Components\Mail->onSend()
#23 C:\laragon\www\landing\modules\cms\classes\Controller.php(728): Cms\Classes\ComponentBase->runAjaxHandler('onSend')
#24 C:\laragon\www\landing\modules\cms\classes\Controller.php(618): Cms\Classes\Controller->runAjaxHandler('mail::onSend')
#25 C:\laragon\www\landing\modules\cms\classes\Controller.php(323): Cms\Classes\Controller->execAjaxHandlers()
#26 C:\laragon\www\landing\modules\cms\classes\Controller.php(206): Cms\Classes\Controller->runPage(Object(Cms\Classes\Page))
#27 C:\laragon\www\landing\modules\cms\classes\CmsController.php(50): Cms\Classes\Controller->run('/')
#28 [internal function]: Cms\Classes\CmsController->run('/')
#29 C:\laragon\www\landing\vendor\laravel\framework\src\Illuminate\Routing\Controller.php(54): call_user_func_array(Array, Array)
#30 C:\laragon\www\landing\vendor\laravel\framework\src\Illuminate\Routing\ControllerDispatcher.php(45): Illuminate\Routing\Controller->callAction('run', Array)
#31 C:\laragon\www\landing\vendor\laravel\framework\src\Illuminate\Routing\Route.php(212): Illuminate\Routing\ControllerDispatcher->dispatch(Object(Illuminate\Routing\Route), Object(Cms\Classes\CmsController), 'run')
#32 C:\laragon\www\landing\vendor\laravel\framework\src\Illuminate\Routing\Route.php(169): Illuminate\Routing\Route->runController()
#33 C:\laragon\www\landing\vendor\laravel\framework\src\Illuminate\Routing\Router.php(658): Illuminate\Routing\Route->run()
#34 C:\laragon\www\landing\vendor\laravel\framework\src\Illuminate\Routing\Pipeline.php(30): Illuminate\Routing\Router->Illuminate\Routing\{closure}(Object(Illuminate\Http\Request))
#35 C:\laragon\www\landing\plugins\rainlab\translate\classes\LocaleMiddleware.php(29): Illuminate\Routing\Pipeline->Illuminate\Routing\{closure}(Object(Illuminate\Http\Request))
#36 C:\laragon\www\landing\vendor\laravel\framework\src\Illuminate\Pipeline\Pipeline.php(149): RainLab\Translate\Classes\LocaleMiddleware->handle(Object(Illuminate\Http\Request), Object(Closure))
#37 C:\laragon\www\landing\vendor\laravel\framework\src\Illuminate\Routing\Pipeline.php(53): Illuminate\Pipeline\Pipeline->Illuminate\Pipeline\{closure}(Object(Illuminate\Http\Request))
#38 C:\laragon\www\landing\vendor\laravel\framework\src\Illuminate\Routing\Middleware\SubstituteBindings.php(41): Illuminate\Routing\Pipeline->Illuminate\Routing\{closure}(Object(Illuminate\Http\Request))
#39 C:\laragon\www\landing\vendor\laravel\framework\src\Illuminate\Pipeline\Pipeline.php(149): Illuminate\Routing\Middleware\SubstituteBindings->handle(Object(Illuminate\Http\Request), Object(Closure))
#40 C:\laragon\www\landing\vendor\laravel\framework\src\Illuminate\Routing\Pipeline.php(53): Illuminate\Pipeline\Pipeline->Illuminate\Pipeline\{closure}(Object(Illuminate\Http\Request))
#41 C:\laragon\www\landing\vendor\laravel\framework\src\Illuminate\View\Middleware\ShareErrorsFromSession.php(49): Illuminate\Routing\Pipeline->Illuminate\Routing\{closure}(Object(Illuminate\Http\Request))
#42 C:\laragon\www\landing\vendor\laravel\framework\src\Illuminate\Pipeline\Pipeline.php(149): Illuminate\View\Middleware\ShareErrorsFromSession->handle(Object(Illuminate\Http\Request), Object(Closure))
#43 C:\laragon\www\landing\vendor\laravel\framework\src\Illuminate\Routing\Pipeline.php(53): Illuminate\Pipeline\Pipeline->Illuminate\Pipeline\{closure}(Object(Illuminate\Http\Request))
#44 C:\laragon\www\landing\vendor\laravel\framework\src\Illuminate\Session\Middleware\StartSession.php(63): Illuminate\Routing\Pipeline->Illuminate\Routing\{closure}(Object(Illuminate\Http\Request))
#45 C:\laragon\www\landing\vendor\laravel\framework\src\Illuminate\Pipeline\Pipeline.php(149): Illuminate\Session\Middleware\StartSession->handle(Object(Illuminate\Http\Request), Object(Closure))
#46 C:\laragon\www\landing\vendor\laravel\framework\src\Illuminate\Routing\Pipeline.php(53): Illuminate\Pipeline\Pipeline->Illuminate\Pipeline\{closure}(Object(Illuminate\Http\Request))
#47 C:\laragon\www\landing\vendor\laravel\framework\src\Illuminate\Cookie\Middleware\AddQueuedCookiesToResponse.php(37): Illuminate\Routing\Pipeline->Illuminate\Routing\{closure}(Object(Illuminate\Http\Request))
#48 C:\laragon\www\landing\vendor\laravel\framework\src\Illuminate\Pipeline\Pipeline.php(149): Illuminate\Cookie\Middleware\AddQueuedCookiesToResponse->handle(Object(Illuminate\Http\Request), Object(Closure))
#49 C:\laragon\www\landing\vendor\laravel\framework\src\Illuminate\Routing\Pipeline.php(53): Illuminate\Pipeline\Pipeline->Illuminate\Pipeline\{closure}(Object(Illuminate\Http\Request))
#50 C:\laragon\www\landing\vendor\laravel\framework\src\Illuminate\Cookie\Middleware\EncryptCookies.php(66): Illuminate\Routing\Pipeline->Illuminate\Routing\{closure}(Object(Illuminate\Http\Request))
#51 C:\laragon\www\landing\vendor\laravel\framework\src\Illuminate\Pipeline\Pipeline.php(149): Illuminate\Cookie\Middleware\EncryptCookies->handle(Object(Illuminate\Http\Request), Object(Closure))
#52 C:\laragon\www\landing\vendor\laravel\framework\src\Illuminate\Routing\Pipeline.php(53): Illuminate\Pipeline\Pipeline->Illuminate\Pipeline\{closure}(Object(Illuminate\Http\Request))
#53 C:\laragon\www\landing\vendor\laravel\framework\src\Illuminate\Pipeline\Pipeline.php(102): Illuminate\Routing\Pipeline->Illuminate\Routing\{closure}(Object(Illuminate\Http\Request))
#54 C:\laragon\www\landing\vendor\laravel\framework\src\Illuminate\Routing\Router.php(660): Illuminate\Pipeline\Pipeline->then(Object(Closure))
#55 C:\laragon\www\landing\vendor\laravel\framework\src\Illuminate\Routing\Router.php(635): Illuminate\Routing\Router->runRouteWithinStack(Object(Illuminate\Routing\Route), Object(Illuminate\Http\Request))
#56 C:\laragon\www\landing\vendor\laravel\framework\src\Illuminate\Routing\Router.php(601): Illuminate\Routing\Router->runRoute(Object(Illuminate\Http\Request), Object(Illuminate\Routing\Route))
#57 C:\laragon\www\landing\vendor\october\rain\src\Router\CoreRouter.php(20): Illuminate\Routing\Router->dispatchToRoute(Object(Illuminate\Http\Request))
#58 C:\laragon\www\landing\vendor\laravel\framework\src\Illuminate\Foundation\Http\Kernel.php(176): October\Rain\Router\CoreRouter->dispatch(Object(Illuminate\Http\Request))
#59 C:\laragon\www\landing\vendor\laravel\framework\src\Illuminate\Routing\Pipeline.php(30): Illuminate\Foundation\Http\Kernel->Illuminate\Foundation\Http\{closure}(Object(Illuminate\Http\Request))
#60 C:\laragon\www\landing\vendor\laravel\framework\src\Illuminate\Foundation\Http\Middleware\CheckForMaintenanceMode.php(46): Illuminate\Routing\Pipeline->Illuminate\Routing\{closure}(Object(Illuminate\Http\Request))
#61 C:\laragon\www\landing\vendor\laravel\framework\src\Illuminate\Pipeline\Pipeline.php(149): Illuminate\Foundation\Http\Middleware\CheckForMaintenanceMode->handle(Object(Illuminate\Http\Request), Object(Closure))
#62 C:\laragon\www\landing\vendor\laravel\framework\src\Illuminate\Routing\Pipeline.php(53): Illuminate\Pipeline\Pipeline->Illuminate\Pipeline\{closure}(Object(Illuminate\Http\Request))
#63 C:\laragon\www\landing\vendor\laravel\framework\src\Illuminate\Pipeline\Pipeline.php(102): Illuminate\Routing\Pipeline->Illuminate\Routing\{closure}(Object(Illuminate\Http\Request))
#64 C:\laragon\www\landing\vendor\laravel\framework\src\Illuminate\Foundation\Http\Kernel.php(151): Illuminate\Pipeline\Pipeline->then(Object(Closure))
#65 C:\laragon\www\landing\vendor\laravel\framework\src\Illuminate\Foundation\Http\Kernel.php(116): Illuminate\Foundation\Http\Kernel->sendRequestThroughRouter(Object(Illuminate\Http\Request))
#66 C:\laragon\www\landing\index.php(43): Illuminate\Foundation\Http\Kernel->handle(Object(Illuminate\Http\Request))
#67 {main}  
